2025-04-05T00:40:06.207-03:00  INFO 21748 --- [analisecomprasapi] [main] .d.c.a.AnaliseComprasapiApplicationTests : Starting AnaliseComprasapiApplicationTests using Java 24 with PID 21748 (started by Alvaro in C:\Projetos\Pessoal\bancodigio\analisecomprasapi)
2025-04-05T00:40:06.219-03:00  INFO 21748 --- [analisecomprasapi] [main] .d.c.a.AnaliseComprasapiApplicationTests : No active profile set, falling back to 1 default profile: "default"
2025-04-05T00:40:08.653-03:00  INFO 21748 --- [analisecomprasapi] [main] .d.c.a.AnaliseComprasapiApplicationTests : Started AnaliseComprasapiApplicationTests in 3.069 seconds (process running for 5.064)
2025-04-05T00:43:50.647-03:00  INFO 8336 --- [analisecomprasapi] [main] .d.c.a.AnaliseComprasapiApplicationTests : Starting AnaliseComprasapiApplicationTests using Java 24 with PID 8336 (started by Alvaro in C:\Projetos\Pessoal\bancodigio\analisecomprasapi)
2025-04-05T00:43:50.650-03:00  INFO 8336 --- [analisecomprasapi] [main] .d.c.a.AnaliseComprasapiApplicationTests : No active profile set, falling back to 1 default profile: "default"
2025-04-05T00:43:52.953-03:00  INFO 8336 --- [analisecomprasapi] [main] .d.c.a.AnaliseComprasapiApplicationTests : Started AnaliseComprasapiApplicationTests in 2.908 seconds (process running for 4.796)
2025-04-05T00:53:50.038-03:00  INFO 10740 --- [analisecomprasapi] [main] .d.c.a.AnaliseComprasapiApplicationTests : Starting AnaliseComprasapiApplicationTests using Java 24 with PID 10740 (started by Alvaro in C:\Projetos\Pessoal\bancodigio\analisecomprasapi)
2025-04-05T00:53:50.042-03:00  INFO 10740 --- [analisecomprasapi] [main] .d.c.a.AnaliseComprasapiApplicationTests : No active profile set, falling back to 1 default profile: "default"
2025-04-05T00:53:52.403-03:00  INFO 10740 --- [analisecomprasapi] [main] .d.c.a.AnaliseComprasapiApplicationTests : Started AnaliseComprasapiApplicationTests in 2.948 seconds (process running for 4.809)
2025-04-05T00:58:32.780-03:00  INFO 12784 --- [analisecomprasapi] [main] .d.c.a.AnaliseComprasapiApplicationTests : Starting AnaliseComprasapiApplicationTests using Java 24 with PID 12784 (started by Alvaro in C:\Projetos\Pessoal\bancodigio\analisecomprasapi)
2025-04-05T00:58:32.783-03:00  INFO 12784 --- [analisecomprasapi] [main] .d.c.a.AnaliseComprasapiApplicationTests : No active profile set, falling back to 1 default profile: "default"
2025-04-05T00:58:35.146-03:00  INFO 12784 --- [analisecomprasapi] [main] .d.c.a.AnaliseComprasapiApplicationTests : Started AnaliseComprasapiApplicationTests in 2.969 seconds (process running for 5.132)
2025-04-05T01:08:02.695-03:00  INFO 17360 --- [analisecomprasapi] [main] .d.c.a.AnaliseComprasapiApplicationTests : Starting AnaliseComprasapiApplicationTests using Java 24 with PID 17360 (started by Alvaro in C:\Projetos\Pessoal\bancodigio\analisecomprasapi)
2025-04-05T01:08:02.699-03:00  INFO 17360 --- [analisecomprasapi] [main] .d.c.a.AnaliseComprasapiApplicationTests : No active profile set, falling back to 1 default profile: "default"
2025-04-05T01:08:05.045-03:00  INFO 17360 --- [analisecomprasapi] [main] .d.c.a.AnaliseComprasapiApplicationTests : Started AnaliseComprasapiApplicationTests in 2.948 seconds (process running for 4.898)
2025-04-05T01:10:13.544-03:00  INFO 19004 --- [analisecomprasapi] [main] .d.c.a.AnaliseComprasapiApplicationTests : Starting AnaliseComprasapiApplicationTests using Java 24 with PID 19004 (started by Alvaro in C:\Projetos\Pessoal\bancodigio\analisecomprasapi)
2025-04-05T01:10:13.547-03:00  INFO 19004 --- [analisecomprasapi] [main] .d.c.a.AnaliseComprasapiApplicationTests : No active profile set, falling back to 1 default profile: "default"
2025-04-05T01:10:15.860-03:00  INFO 19004 --- [analisecomprasapi] [main] .d.c.a.AnaliseComprasapiApplicationTests : Started AnaliseComprasapiApplicationTests in 2.91 seconds (process running for 4.785)
2025-04-05T01:13:41.882-03:00  INFO 19372 --- [analisecomprasapi] [main] .d.c.a.AnaliseComprasapiApplicationTests : Starting AnaliseComprasapiApplicationTests using Java 24 with PID 19372 (started by Alvaro in C:\Projetos\Pessoal\bancodigio\analisecomprasapi)
2025-04-05T01:13:41.886-03:00  INFO 19372 --- [analisecomprasapi] [main] .d.c.a.AnaliseComprasapiApplicationTests : No active profile set, falling back to 1 default profile: "default"
2025-04-05T01:13:44.192-03:00  INFO 19372 --- [analisecomprasapi] [main] .d.c.a.AnaliseComprasapiApplicationTests : Started AnaliseComprasapiApplicationTests in 2.934 seconds (process running for 4.868)
2025-04-05T01:39:19.042-03:00  INFO 7980 --- [analisecomprasapi] [main] .d.c.a.AnaliseComprasapiApplicationTests : Starting AnaliseComprasapiApplicationTests using Java 24 with PID 7980 (started by Alvaro in C:\Projetos\Pessoal\bancodigio\analisecomprasapi)
2025-04-05T01:39:19.046-03:00  INFO 7980 --- [analisecomprasapi] [main] .d.c.a.AnaliseComprasapiApplicationTests : No active profile set, falling back to 1 default profile: "default"
2025-04-05T01:39:21.636-03:00  INFO 7980 --- [analisecomprasapi] [main] .d.c.a.AnaliseComprasapiApplicationTests : Started AnaliseComprasapiApplicationTests in 3.301 seconds (process running for 5.823)
2025-04-05T01:40:57.137-03:00  INFO 17776 --- [analisecomprasapi] [main] .d.c.a.AnaliseComprasapiApplicationTests : Starting AnaliseComprasapiApplicationTests using Java 24 with PID 17776 (started by Alvaro in C:\Projetos\Pessoal\bancodigio\analisecomprasapi)
2025-04-05T01:40:57.140-03:00  INFO 17776 --- [analisecomprasapi] [main] .d.c.a.AnaliseComprasapiApplicationTests : No active profile set, falling back to 1 default profile: "default"
2025-04-05T01:40:59.466-03:00  INFO 17776 --- [analisecomprasapi] [main] .d.c.a.AnaliseComprasapiApplicationTests : Started AnaliseComprasapiApplicationTests in 2.936 seconds (process running for 4.785)
2025-04-05T01:42:29.495-03:00  INFO 18640 --- [analisecomprasapi] [main] c.d.c.a.AnalisecomprasapiApplication     : Starting AnalisecomprasapiApplication using Java 24 with PID 18640 (C:\Projetos\Pessoal\bancodigio\analisecomprasapi\target\classes started by Alvaro in C:\Projetos\Pessoal\bancodigio\analisecomprasapi)
2025-04-05T01:42:29.498-03:00  INFO 18640 --- [analisecomprasapi] [main] c.d.c.a.AnalisecomprasapiApplication     : No active profile set, falling back to 1 default profile: "default"
2025-04-05T01:42:31.062-03:00  INFO 18640 --- [analisecomprasapi] [main] o.s.b.w.embedded.tomcat.TomcatWebServer  : Tomcat initialized with port 8080 (http)
2025-04-05T01:42:31.092-03:00  INFO 18640 --- [analisecomprasapi] [main] o.apache.catalina.core.StandardService   : Starting service [Tomcat]
2025-04-05T01:42:31.092-03:00  INFO 18640 --- [analisecomprasapi] [main] o.apache.catalina.core.StandardEngine    : Starting Servlet engine: [Apache Tomcat/10.1.39]
2025-04-05T01:42:31.176-03:00  INFO 18640 --- [analisecomprasapi] [main] o.a.c.c.C.[Tomcat].[localhost].[/]       : Initializing Spring embedded WebApplicationContext
2025-04-05T01:42:31.176-03:00  INFO 18640 --- [analisecomprasapi] [main] w.s.c.ServletWebServerApplicationContext : Root WebApplicationContext: initialization completed in 1583 ms
2025-04-05T01:42:32.111-03:00  INFO 18640 --- [analisecomprasapi] [main] o.s.b.w.embedded.tomcat.TomcatWebServer  : Tomcat started on port 8080 (http) with context path '/'
2025-04-05T01:42:32.123-03:00  INFO 18640 --- [analisecomprasapi] [main] c.d.c.a.AnalisecomprasapiApplication     : Started AnalisecomprasapiApplication in 3.579 seconds (process running for 4.183)
2025-04-05T01:42:49.193-03:00  INFO 18640 --- [analisecomprasapi] [http-nio-8080-exec-2] o.a.c.c.C.[Tomcat].[localhost].[/]       : Initializing Spring DispatcherServlet 'dispatcherServlet'
2025-04-05T01:42:49.193-03:00  INFO 18640 --- [analisecomprasapi] [http-nio-8080-exec-2] o.s.web.servlet.DispatcherServlet        : Initializing Servlet 'dispatcherServlet'
2025-04-05T01:42:49.195-03:00  INFO 18640 --- [analisecomprasapi] [http-nio-8080-exec-2] o.s.web.servlet.DispatcherServlet        : Completed initialization in 1 ms
2025-04-05T09:29:38.264-03:00  INFO 6516 --- [analisecomprasapi] [main] .d.c.a.AnaliseComprasapiApplicationTests : Starting AnaliseComprasapiApplicationTests using Java 24 with PID 6516 (started by Alvaro in C:\Projetos\Pessoal\bancodigio\analisecomprasapi)
2025-04-05T09:29:38.270-03:00  INFO 6516 --- [analisecomprasapi] [main] .d.c.a.AnaliseComprasapiApplicationTests : No active profile set, falling back to 1 default profile: "default"
2025-04-05T09:29:40.906-03:00  INFO 6516 --- [analisecomprasapi] [main] .d.c.a.AnaliseComprasapiApplicationTests : Started AnaliseComprasapiApplicationTests in 3.335 seconds (process running for 5.15)
2025-04-05T09:30:36.697-03:00  INFO 12228 --- [analisecomprasapi] [main] .d.c.a.AnaliseComprasapiApplicationTests : Starting AnaliseComprasapiApplicationTests using Java 24 with PID 12228 (started by Alvaro in C:\Projetos\Pessoal\bancodigio\analisecomprasapi)
2025-04-05T09:30:36.701-03:00  INFO 12228 --- [analisecomprasapi] [main] .d.c.a.AnaliseComprasapiApplicationTests : No active profile set, falling back to 1 default profile: "default"
2025-04-05T09:30:39.208-03:00  INFO 12228 --- [analisecomprasapi] [main] .d.c.a.AnaliseComprasapiApplicationTests : Started AnaliseComprasapiApplicationTests in 3.132 seconds (process running for 5.48)
2025-04-05T09:35:26.771-03:00  INFO 15028 --- [analisecomprasapi] [main] .d.c.a.AnaliseComprasapiApplicationTests : Starting AnaliseComprasapiApplicationTests using Java 24 with PID 15028 (started by Alvaro in C:\Projetos\Pessoal\bancodigio\analisecomprasapi)
2025-04-05T09:35:26.774-03:00  INFO 15028 --- [analisecomprasapi] [main] .d.c.a.AnaliseComprasapiApplicationTests : No active profile set, falling back to 1 default profile: "default"
2025-04-05T09:35:28.882-03:00  INFO 15028 --- [analisecomprasapi] [main] .d.c.a.AnaliseComprasapiApplicationTests : Started AnaliseComprasapiApplicationTests in 2.68 seconds (process running for 4.334)
2025-04-05T09:38:34.355-03:00  INFO 9152 --- [analisecomprasapi] [main] .d.c.a.AnaliseComprasapiApplicationTests : Starting AnaliseComprasapiApplicationTests using Java 24 with PID 9152 (started by Alvaro in C:\Projetos\Pessoal\bancodigio\analisecomprasapi)
2025-04-05T09:38:34.357-03:00  INFO 9152 --- [analisecomprasapi] [main] .d.c.a.AnaliseComprasapiApplicationTests : No active profile set, falling back to 1 default profile: "default"
2025-04-05T09:38:36.520-03:00  INFO 9152 --- [analisecomprasapi] [main] .d.c.a.AnaliseComprasapiApplicationTests : Started AnaliseComprasapiApplicationTests in 2.734 seconds (process running for 4.325)
2025-04-05T09:40:03.185-03:00  INFO 14896 --- [analisecomprasapi] [main] .d.c.a.AnaliseComprasapiApplicationTests : Starting AnaliseComprasapiApplicationTests using Java 24 with PID 14896 (started by Alvaro in C:\Projetos\Pessoal\bancodigio\analisecomprasapi)
2025-04-05T09:40:03.189-03:00  INFO 14896 --- [analisecomprasapi] [main] .d.c.a.AnaliseComprasapiApplicationTests : No active profile set, falling back to 1 default profile: "default"
2025-04-05T09:40:05.384-03:00  INFO 14896 --- [analisecomprasapi] [main] .d.c.a.AnaliseComprasapiApplicationTests : Started AnaliseComprasapiApplicationTests in 2.756 seconds (process running for 4.345)
2025-04-05T09:45:01.819-03:00  INFO 16484 --- [analisecomprasapi] [main] c.d.c.a.AnalisecomprasapiApplication     : Starting AnalisecomprasapiApplication using Java 24 with PID 16484 (C:\Projetos\Pessoal\bancodigio\analisecomprasapi\target\classes started by Alvaro in C:\Projetos\Pessoal\bancodigio\analisecomprasapi)
2025-04-05T09:45:01.822-03:00  INFO 16484 --- [analisecomprasapi] [main] c.d.c.a.AnalisecomprasapiApplication     : No active profile set, falling back to 1 default profile: "default"
2025-04-05T09:45:03.330-03:00  INFO 16484 --- [analisecomprasapi] [main] o.s.b.w.embedded.tomcat.TomcatWebServer  : Tomcat initialized with port 8080 (http)
2025-04-05T09:45:03.356-03:00  INFO 16484 --- [analisecomprasapi] [main] o.apache.catalina.core.StandardService   : Starting service [Tomcat]
2025-04-05T09:45:03.356-03:00  INFO 16484 --- [analisecomprasapi] [main] o.apache.catalina.core.StandardEngine    : Starting Servlet engine: [Apache Tomcat/10.1.39]
2025-04-05T09:45:03.462-03:00  INFO 16484 --- [analisecomprasapi] [main] o.a.c.c.C.[Tomcat].[localhost].[/]       : Initializing Spring embedded WebApplicationContext
2025-04-05T09:45:03.462-03:00  INFO 16484 --- [analisecomprasapi] [main] w.s.c.ServletWebServerApplicationContext : Root WebApplicationContext: initialization completed in 1545 ms
2025-04-05T09:45:04.461-03:00  INFO 16484 --- [analisecomprasapi] [main] o.s.b.w.embedded.tomcat.TomcatWebServer  : Tomcat started on port 8080 (http) with context path '/'
2025-04-05T09:45:04.473-03:00  INFO 16484 --- [analisecomprasapi] [main] c.d.c.a.AnalisecomprasapiApplication     : Started AnalisecomprasapiApplication in 3.584 seconds (process running for 4.287)
2025-04-05T09:47:02.604-03:00  INFO 16484 --- [analisecomprasapi] [http-nio-8080-exec-1] o.a.c.c.C.[Tomcat].[localhost].[/]       : Initializing Spring DispatcherServlet 'dispatcherServlet'
2025-04-05T09:47:02.605-03:00  INFO 16484 --- [analisecomprasapi] [http-nio-8080-exec-1] o.s.web.servlet.DispatcherServlet        : Initializing Servlet 'dispatcherServlet'
2025-04-05T09:47:02.606-03:00  INFO 16484 --- [analisecomprasapi] [http-nio-8080-exec-1] o.s.web.servlet.DispatcherServlet        : Completed initialization in 1 ms
